0 info it worked if it ends with ok
1 verbose cli [ '/usr/bin/node', '/usr/bin/npm', 'install', '-g', 'n' ]
2 info using npm@1.3.21
3 info using node@v0.10.24
4 verbose node symlink /usr/bin/node
5 verbose cache add [ 'n', null ]
6 verbose cache add name=undefined spec="n" args=["n",null]
7 verbose parsed url { protocol: null,
7 verbose parsed url   slashes: null,
7 verbose parsed url   auth: null,
7 verbose parsed url   host: null,
7 verbose parsed url   port: null,
7 verbose parsed url   hostname: null,
7 verbose parsed url   hash: null,
7 verbose parsed url   search: null,
7 verbose parsed url   query: null,
7 verbose parsed url   pathname: 'n',
7 verbose parsed url   path: 'n',
7 verbose parsed url   href: 'n' }
8 silly lockFile d1854cae-n n
9 verbose lock n /home/mcr/.npm/d1854cae-n.lock
10 silly lockFile d1854cae-n n
11 silly lockFile d1854cae-n n
12 verbose addNamed [ 'n', '' ]
13 verbose addNamed [ null, '*' ]
14 silly lockFile 6b58d7dc-n n@
15 verbose lock n@ /home/mcr/.npm/6b58d7dc-n.lock
16 silly addNameRange { name: 'n', range: '*', hasData: false }
17 verbose url raw n
18 verbose url resolving [ 'https://registry.npmjs.org/', './n' ]
19 verbose url resolved https://registry.npmjs.org/n
20 info trying registry request attempt 1 at 10:31:51
21 verbose etag "5FWX9J3OU1SLT49QIKMUE4Z9R"
22 http GET https://registry.npmjs.org/n
23 http 304 https://registry.npmjs.org/n
24 silly registry.get cb [ 304,
24 silly registry.get   { date: 'Tue, 25 Feb 2014 09:31:51 GMT',
24 silly registry.get     server: 'Apache',
24 silly registry.get     connection: 'Keep-Alive',
24 silly registry.get     'keep-alive': 'timeout=10, max=50',
24 silly registry.get     etag: '"5FWX9J3OU1SLT49QIKMUE4Z9R"',
24 silly registry.get     'cache-control': 'max-age=1',
24 silly registry.get     vary: 'Accept' } ]
25 verbose etag n from cache
26 silly addNameRange number 2 { name: 'n', range: '*', hasData: true }
27 silly addNameRange versions [ 'n',
27 silly addNameRange   [ '0.0.1',
27 silly addNameRange     '0.0.2',
27 silly addNameRange     '0.0.3',
27 silly addNameRange     '0.0.4',
27 silly addNameRange     '0.1.0',
27 silly addNameRange     '0.1.1',
27 silly addNameRange     '0.1.2',
27 silly addNameRange     '0.2.0',
27 silly addNameRange     '0.2.1',
27 silly addNameRange     '0.2.2',
27 silly addNameRange     '0.3.0',
27 silly addNameRange     '0.4.0',
27 silly addNameRange     '0.4.1',
27 silly addNameRange     '0.4.2',
27 silly addNameRange     '0.5.0',
27 silly addNameRange     '0.5.1',
27 silly addNameRange     '0.5.2',
27 silly addNameRange     '0.5.3',
27 silly addNameRange     '0.5.4',
27 silly addNameRange     '0.6.0',
27 silly addNameRange     '0.6.1',
27 silly addNameRange     '0.7.0',
27 silly addNameRange     '0.7.1',
27 silly addNameRange     '0.7.2',
27 silly addNameRange     '0.7.3',
27 silly addNameRange     '0.8.0',
27 silly addNameRange     '0.8.1',
27 silly addNameRange     '0.8.2',
27 silly addNameRange     '0.9.0',
27 silly addNameRange     '0.9.1',
27 silly addNameRange     '0.9.2',
27 silly addNameRange     '0.9.3',
27 silly addNameRange     '1.0.0',
27 silly addNameRange     '1.1.0',
27 silly addNameRange     '1.2.1' ] ]
28 verbose addNamed [ 'n', '1.2.1' ]
29 verbose addNamed [ '1.2.1', '1.2.1' ]
30 silly lockFile e14a9ed8-n-1-2-1 n@1.2.1
31 verbose lock n@1.2.1 /home/mcr/.npm/e14a9ed8-n-1-2-1.lock
32 silly lockFile e14a9ed8-n-1-2-1 n@1.2.1
33 silly lockFile e14a9ed8-n-1-2-1 n@1.2.1
34 silly lockFile 6b58d7dc-n n@
35 silly lockFile 6b58d7dc-n n@
36 silly resolved [ { name: 'n',
36 silly resolved     description: 'node version manager',
36 silly resolved     version: '1.2.1',
36 silly resolved     author: { name: 'TJ Holowaychuk', email: 'tj@vision-media.ca' },
36 silly resolved     homepage: 'https://github.com/visionmedia/n',
36 silly resolved     bugs: { url: 'https://github.com/visionmedia/n/issues' },
36 silly resolved     keywords: [ 'node', 'binary', 'version', 'env' ],
36 silly resolved     bin: { n: './bin/n' },
36 silly resolved     repository: { type: 'git', url: 'git://github.com/visionmedia/n.git' },
36 silly resolved     engines: { node: '*' },
36 silly resolved     license: 'MIT',
36 silly resolved     readme: '# n\n\nSimple flavour of node binary management, no subshells, no profile setup, no convoluted api, just _simple_.\n\n ![](https://i.cloudup.com/59cA8VEDae.gif)\n\n## Installation\n\n    $ npm install -g n\n\nor\n\n    $ make install\n\n### Installing Binaries\n\nInstall a few nodes:\n\n    $ n 0.8.14\n    $ n 0.8.17\n    $ n 0.9.6\n\nType `n` to prompt selection of an installed node. Use the up /\ndown arrow to navigate, and press enter or the right arrow to\nselect, or ^C to cancel:\n\n    $ n\n\n      0.8.14\n    ο 0.8.17\n      0.9.6\n\nUse or install the latest official release:\n\n    $ n latest\n\nUse or install the stable official release:\n\n    $ n stable\n\nSwitch to the previous version you were using:\n\n    $ n prev\n\n### Removing Binaries\n\nRemove some versions:\n\n    $ n rm 0.9.4 v0.10.0\n\nInstead of using `rm` we can simply use `-`:\n\n    $ n - 0.9.4\n\n### Binary Usage\n\nWhen running multiple versions of node, we can target\nthem directly by asking `n` for the binary path:\n\n    $ n bin 0.9.4\n    /usr/local/n/versions/0.9.4/bin/node\n\nOr by using a specific version through `n`\'s `use` sub-command:\n\n    $ n use 0.9.4 some.js\n\nwith flags:\n\n    $ n as 0.9.4 --debug some.js\n\n## Usage\n\n Output from `n --help`:\n\n    Usage: n [options] [COMMAND] [args]\n\n    Commands:\n\n      n                            Output versions installed\n      n latest                     Install or activate the latest node release\n      n stable                     Install or activate the latest stable node release\n      n <version>                  Install node <version>\n      n use <version> [args ...]   Execute node <version> with [args ...]\n      n bin <version>              Output bin path for <version>\n      n rm <version ...>           Remove the given version(s)\n      n --latest                   Output the latest node version available\n      n --stable                   Output the latest stable node version available\n      n ls                         Output the versions of node available\n\n    Options:\n\n      -V, --version   Output current version of n\n      -h, --help      Display help information\n\n    Aliases:\n\n      which   bin\n      use     as\n      list    ls\n      -       rm\n\n## Details\n\n `n` by default installs node to _/usr/local/n/versions_, from\n which it can see what you have currently installed, and activate previously installed versions of node when `n <version>` is invoked again.\n\n Activated nodes are then installed to the prefix _/usr/local_, which of course may be altered via the __N_PREFIX__ environment variable.\n\n To alter where `n` operates simply export __N_PREFIX__ to whatever you prefer.\n\n## License\n\n(The MIT License)\n\nCopyright (c) 2010 TJ Holowaychuk &lt;tj@vision-media.ca&gt;\n\nPermission is hereby granted, free of charge, to any person obtaining\na copy of this software and associated documentation files (the\n\'Software\'), to deal in the Software without restriction, including\nwithout limitation the rights to use, copy, modify, merge, publish,\ndistribute, sublicense, and/or sell copies of the Software, and to\npermit persons to whom the Software is furnished to do so, subject to\nthe following conditions:\n\nThe above copyright notice and this permission notice shall be\nincluded in all copies or substantial portions of the Software.\n\nTHE SOFTWARE IS PROVIDED \'AS IS\', WITHOUT WARRANTY OF ANY KIND,\nEXPRESS OR IMPLIED, INCLUDING BUT NOT LIMITED TO THE WARRANTIES OF\nMERCHANTABILITY, FITNESS FOR A PARTICULAR PURPOSE AND NONINFRINGEMENT.\nIN NO EVENT SHALL THE AUTHORS OR COPYRIGHT HOLDERS BE LIABLE FOR ANY\nCLAIM, DAMAGES OR OTHER LIABILITY, WHETHER IN AN ACTION OF CONTRACT,\nTORT OR OTHERWISE, ARISING FROM, OUT OF OR IN CONNECTION WITH THE\nSOFTWARE OR THE USE OR OTHER DEALINGS IN THE SOFTWARE.\n',
36 silly resolved     readmeFilename: 'Readme.md',
36 silly resolved     _id: 'n@1.2.1',
36 silly resolved     _from: 'n@' } ]
37 info install n@1.2.1 into /usr/lib
38 info installOne n@1.2.1
39 info /usr/lib/node_modules/n unbuild
40 info preuninstall n@1.2.1
41 info uninstall n@1.2.1
42 verbose true,/usr/lib/node_modules,/usr/lib/node_modules unbuild n@1.2.1
43 verbose /usr/bin,[object Object] binRoot
44 info /usr/lib/node_modules/n unbuild
45 info preuninstall n@1.2.1
46 info uninstall n@1.2.1
47 verbose true,/usr/lib/node_modules,/usr/lib/node_modules unbuild n@1.2.1
48 verbose /usr/bin,[object Object] binRoot
49 error error rolling back Error: EACCES, unlink '/usr/bin/n'
49 error error rolling back  n@1.2.1 { [Error: EACCES, unlink '/usr/bin/n'] errno: 3, code: 'EACCES', path: '/usr/bin/n' }
50 error Error: EACCES, unlink '/usr/bin/n'
50 error  { [Error: EACCES, unlink '/usr/bin/n'] errno: 3, code: 'EACCES', path: '/usr/bin/n' }
51 error Please try running this command again as root/Administrator.
52 error System Linux 3.8.0-36-generic
53 error command "/usr/bin/node" "/usr/bin/npm" "install" "-g" "n"
54 error cwd /home/mcr/.vim
55 error node -v v0.10.24
56 error npm -v 1.3.21
57 error path /usr/bin/n
58 error code EACCES
59 error errno 3
60 error stack Error: EACCES, unlink '/usr/bin/n'
61 verbose exit [ 3, true ]
