

times in msec
 clock   self+sourced   self:  sourced script
 clock   elapsed:              other lines

000.018  000.018: --- NVIM STARTING ---
048.996  048.979: locale set
080.027  031.031: inits 1
080.068  000.041: window checked
080.077  000.009: parsing arguments
080.449  000.372: expanding arguments
080.536  000.087: inits 2
081.762  001.226: init highlight
081.771  000.009: waiting for UI
092.388  010.617: done waiting for UI
092.528  000.140: init screen for UI
125.249  028.847  028.847: sourcing /tmp/.mount_nvimHOxS1J/usr/share/nvim/runtime/filetype.vim
130.173  001.607  001.607: sourcing /tmp/.mount_nvimHOxS1J/usr/share/nvim/runtime/ftplugin.vim
135.738  001.907  001.907: sourcing /tmp/.mount_nvimHOxS1J/usr/share/nvim/runtime/indent.vim
145.983  003.379  003.379: sourcing /home/mcr/.config/nvim/autoload/plug.vim
160.436  001.742  001.742: sourcing /tmp/.mount_nvimHOxS1J/usr/share/nvim/runtime/ftoff.vim
184.804  000.048  000.048: sourcing /home/mcr/.config/nvim/plugged/vim-fugitive/ftdetect/fugitive.vim
185.381  000.062  000.062: sourcing /home/mcr/.config/nvim/plugged/nvim-treesitter/ftdetect/elixir.vim
185.434  000.024  000.024: sourcing /home/mcr/.config/nvim/plugged/nvim-treesitter/ftdetect/fennel.vim
185.494  000.034  000.034: sourcing /home/mcr/.config/nvim/plugged/nvim-treesitter/ftdetect/fish.vim
185.547  000.027  000.027: sourcing /home/mcr/.config/nvim/plugged/nvim-treesitter/ftdetect/fusion.vim
185.603  000.031  000.031: sourcing /home/mcr/.config/nvim/plugged/nvim-treesitter/ftdetect/gdresource.vim
185.655  000.026  000.026: sourcing /home/mcr/.config/nvim/plugged/nvim-treesitter/ftdetect/gdscript.vim
185.763  000.043  000.043: sourcing /home/mcr/.config/nvim/plugged/nvim-treesitter/ftdetect/glimmer.vim
185.879  000.070  000.070: sourcing /home/mcr/.config/nvim/plugged/nvim-treesitter/ftdetect/glsl.vim
185.934  000.026  000.026: sourcing /home/mcr/.config/nvim/plugged/nvim-treesitter/ftdetect/gomod.vim
186.003  000.042  000.042: sourcing /home/mcr/.config/nvim/plugged/nvim-treesitter/ftdetect/graphql.vim
186.070  000.041  000.041: sourcing /home/mcr/.config/nvim/plugged/nvim-treesitter/ftdetect/hcl.vim
186.123  000.028  000.028: sourcing /home/mcr/.config/nvim/plugged/nvim-treesitter/ftdetect/heex.vim
186.170  000.022  000.022: sourcing /home/mcr/.config/nvim/plugged/nvim-treesitter/ftdetect/hjson.vim
186.218  000.022  000.022: sourcing /home/mcr/.config/nvim/plugged/nvim-treesitter/ftdetect/json5.vim
186.277  000.023  000.023: sourcing /home/mcr/.config/nvim/plugged/nvim-treesitter/ftdetect/julia.vim
186.348  000.041  000.041: sourcing /home/mcr/.config/nvim/plugged/nvim-treesitter/ftdetect/ledger.vim
186.395  000.022  000.022: sourcing /home/mcr/.config/nvim/plugged/nvim-treesitter/ftdetect/nix.vim
186.447  000.026  000.026: sourcing /home/mcr/.config/nvim/plugged/nvim-treesitter/ftdetect/prisma.vim
186.495  000.025  000.025: sourcing /home/mcr/.config/nvim/plugged/nvim-treesitter/ftdetect/pug.vim
186.552  000.030  000.030: sourcing /home/mcr/.config/nvim/plugged/nvim-treesitter/ftdetect/ql.vim
186.631  000.053  000.053: sourcing /home/mcr/.config/nvim/plugged/nvim-treesitter/ftdetect/query.vim
186.726  000.067  000.067: sourcing /home/mcr/.config/nvim/plugged/nvim-treesitter/ftdetect/surface.vim
186.811  000.038  000.038: sourcing /home/mcr/.config/nvim/plugged/nvim-treesitter/ftdetect/teal.vim
186.866  000.024  000.024: sourcing /home/mcr/.config/nvim/plugged/nvim-treesitter/ftdetect/tlaplus.vim
186.920  000.023  000.023: sourcing /home/mcr/.config/nvim/plugged/nvim-treesitter/ftdetect/yang.vim
186.976  000.029  000.029: sourcing /home/mcr/.config/nvim/plugged/nvim-treesitter/ftdetect/zig.vim
192.643  021.864  020.917: sourcing /tmp/.mount_nvimHOxS1J/usr/share/nvim/runtime/filetype.vim
194.780  000.050  000.050: sourcing /tmp/.mount_nvimHOxS1J/usr/share/nvim/runtime/ftplugin.vim
196.966  000.112  000.112: sourcing /tmp/.mount_nvimHOxS1J/usr/share/nvim/runtime/indent.vim
204.268  001.272  001.272: sourcing /tmp/.mount_nvimHOxS1J/usr/share/nvim/runtime/syntax/syncolor.vim
207.198  005.524  004.252: sourcing /tmp/.mount_nvimHOxS1J/usr/share/nvim/runtime/syntax/synload.vim
207.528  008.051  002.527: sourcing /tmp/.mount_nvimHOxS1J/usr/share/nvim/runtime/syntax/syntax.vim
452.733  001.514  001.514: sourcing /tmp/.mount_nvimHOxS1J/usr/share/nvim/runtime/syntax/nosyntax.vim
453.883  000.288  000.288: sourcing /tmp/.mount_nvimHOxS1J/usr/share/nvim/runtime/syntax/syncolor.vim
455.945  002.810  002.522: sourcing /tmp/.mount_nvimHOxS1J/usr/share/nvim/runtime/syntax/synload.vim
456.147  005.596  001.272: sourcing /tmp/.mount_nvimHOxS1J/usr/share/nvim/runtime/syntax/syntax.vim
460.272  000.222  000.222: sourcing /tmp/.mount_nvimHOxS1J/usr/share/nvim/runtime/syntax/syncolor.vim
462.446  000.300  000.300: sourcing /tmp/.mount_nvimHOxS1J/usr/share/nvim/runtime/syntax/syncolor.vim
469.274  013.048  012.527: sourcing /home/mcr/.config/nvim/plugged/gruvbox/colors/gruvbox.vim
470.373  375.372  289.170: sourcing /home/mcr/.config/nvim/init.vim
470.381  002.480: sourcing vimrc file(s)
471.783  000.057  000.057: sourcing /home/mcr/.config/nvim/plugged/nvim-web-devicons/plugin/nvim-web-devicons.vim
471.867  000.024  000.024: sourcing /home/mcr/.config/nvim/plugged/nvim-bqf/plugin/bqf.vim
472.441  000.510  000.510: sourcing /home/mcr/.config/nvim/plugged/vim-multiple-cursors/plugin/multiple_cursors.vim
472.653  000.140  000.140: sourcing /home/mcr/.config/nvim/plugged/vim-pasta/plugin/pasta.vim
473.131  000.411  000.411: sourcing /home/mcr/.config/nvim/plugged/auto-pairs/plugin/auto-pairs.vim
473.536  000.339  000.339: sourcing /home/mcr/.config/nvim/plugged/vim-move/plugin/move.vim
476.369  002.740  002.740: sourcing /home/mcr/.config/nvim/plugged/vim-sneak/plugin/sneak.vim
476.803  000.354  000.354: sourcing /home/mcr/.config/nvim/plugged/tabular/plugin/Tabular.vim
477.382  000.510  000.510: sourcing /home/mcr/.config/nvim/plugged/vim-surround/plugin/surround.vim
477.949  000.501  000.501: sourcing /home/mcr/.config/nvim/plugged/matchit/plugin/matchit.vim
478.073  000.042  000.042: sourcing /home/mcr/.config/nvim/plugged/plenary.nvim/plugin/plenary.vim
478.628  000.492  000.492: sourcing /home/mcr/.config/nvim/plugged/telescope.nvim/plugin/telescope.vim
478.798  000.089  000.089: sourcing /home/mcr/.config/nvim/plugged/vim-visual-star-search/plugin/visual-star-search.vim
483.651  004.786  004.786: sourcing /home/mcr/.config/nvim/plugged/git-blame.nvim/plugin/gitblame.vim
483.947  000.216  000.216: sourcing /home/mcr/.config/nvim/plugged/far.vim/plugin/far.vim
485.622  001.602  001.602: sourcing /home/mcr/.config/nvim/plugged/vim-fugitive/plugin/fugitive.vim
684.150  198.442  198.442: sourcing /home/mcr/.config/nvim/plugged/vim-grepper/plugin/grepper.vim
685.117  000.787  000.787: sourcing /home/mcr/.config/nvim/plugged/vim-vsnip/plugin/vsnip.vim
685.360  000.157  000.157: sourcing /home/mcr/.config/nvim/plugged/trouble.nvim/plugin/trouble.vim
686.183  000.757  000.757: sourcing /home/mcr/.config/nvim/plugged/lspsaga.nvim/plugin/lspsaga.vim
686.981  000.709  000.709: sourcing /home/mcr/.config/nvim/plugged/lsp-colors.nvim/plugin/lsp-colors.vim
688.166  001.101  001.101: sourcing /home/mcr/.config/nvim/plugged/nvim-treesitter/plugin/nvim-treesitter.vim
688.865  000.612  000.612: sourcing /home/mcr/.config/nvim/plugged/nvim-treesitter-angular/plugin/nvim-treesitter-angular.vim
689.063  000.127  000.127: sourcing /home/mcr/.config/nvim/plugged/codi.vim/plugin/codi.vim
691.951  002.825  002.825: sourcing /home/mcr/.config/nvim/plugged/emmet-vim/plugin/emmet.vim
692.300  000.265  000.265: sourcing /home/mcr/.config/nvim/plugged/vim-commentary/plugin/commentary.vim
697.422  000.958  000.958: sourcing /tmp/.mount_nvimHOxS1J/usr/share/nvim/runtime/plugin/gzip.vim
697.767  000.164  000.164: sourcing /tmp/.mount_nvimHOxS1J/usr/share/nvim/runtime/plugin/health.vim
698.191  000.288  000.288: sourcing /tmp/.mount_nvimHOxS1J/usr/share/nvim/runtime/plugin/man.vim
698.545  000.177  000.177: sourcing /tmp/.mount_nvimHOxS1J/usr/share/nvim/runtime/plugin/matchit.vim
699.073  000.346  000.346: sourcing /tmp/.mount_nvimHOxS1J/usr/share/nvim/runtime/plugin/matchparen.vim
700.113  000.837  000.837: sourcing /tmp/.mount_nvimHOxS1J/usr/share/nvim/runtime/plugin/netrwPlugin.vim
700.538  000.280  000.280: sourcing /tmp/.mount_nvimHOxS1J/usr/share/nvim/runtime/plugin/rplugin.vim
701.010  000.286  000.286: sourcing /tmp/.mount_nvimHOxS1J/usr/share/nvim/runtime/plugin/shada.vim
701.391  000.188  000.188: sourcing /tmp/.mount_nvimHOxS1J/usr/share/nvim/runtime/plugin/spellfile.vim
701.850  000.314  000.314: sourcing /tmp/.mount_nvimHOxS1J/usr/share/nvim/runtime/plugin/tarPlugin.vim
702.188  000.195  000.195: sourcing /tmp/.mount_nvimHOxS1J/usr/share/nvim/runtime/plugin/tohtml.vim
702.481  000.113  000.113: sourcing /tmp/.mount_nvimHOxS1J/usr/share/nvim/runtime/plugin/tutor.vim
702.967  000.365  000.365: sourcing /tmp/.mount_nvimHOxS1J/usr/share/nvim/runtime/plugin/zipPlugin.vim
706.079  002.309  002.309: sourcing /home/mcr/.config/nvim/plugged/nvim-cmp/plugin/cmp.lua
708.038  012.242: loading plugins
709.534  001.496: loading packages
710.229  000.311  000.311: sourcing /home/mcr/.config/nvim/plugged/tabular/autoload/tabular.vim
713.041  003.355  003.043: sourcing /home/mcr/.config/nvim/plugged/tabular/after/plugin/TabularMaps.vim
715.969  002.776  002.776: sourcing /home/mcr/.config/nvim/plugged/cmp-vsnip/after/plugin/cmp_vsnip.vim
719.259  003.008  003.008: sourcing /home/mcr/.config/nvim/plugged/cmp-nvim-lsp/after/plugin/cmp_nvim_lsp.lua
722.327  002.979  002.979: sourcing /home/mcr/.config/nvim/plugged/cmp-buffer/after/plugin/cmp_buffer.lua
722.468  000.817: loading after plugins
722.495  000.026: inits 3
724.174  001.680: reading ShaDa
724.454  000.279: opening buffers
726.126  001.672: BufEnter autocommands
726.131  000.005: editing files in windows


times in msec
 clock   self+sourced   self:  sourced script
 clock   elapsed:              other lines

000.006  000.006: --- NVIM STARTING ---
014.557  014.550: locale set
024.354  009.797: inits 1
024.365  000.011: window checked
024.368  000.003: parsing arguments
024.494  000.126: expanding arguments
024.520  000.026: inits 2
024.847  000.327: init highlight
024.849  000.002: waiting for UI
027.760  002.911: done waiting for UI
027.855  000.095: init screen for UI
039.097  009.198  009.198: sourcing /tmp/.mount_nvimaX6qTb/usr/share/nvim/runtime/filetype.vim
040.759  000.426  000.426: sourcing /tmp/.mount_nvimaX6qTb/usr/share/nvim/runtime/ftplugin.vim
042.610  000.478  000.478: sourcing /tmp/.mount_nvimaX6qTb/usr/share/nvim/runtime/indent.vim
047.295  002.442  002.442: sourcing /home/mcr/.config/nvim/autoload/plug.vim
051.412  000.632  000.632: sourcing /tmp/.mount_nvimaX6qTb/usr/share/nvim/runtime/ftoff.vim
059.199  000.014  000.014: sourcing /home/mcr/.config/nvim/plugged/vim-fugitive/ftdetect/fugitive.vim
059.431  000.018  000.018: sourcing /home/mcr/.config/nvim/plugged/nvim-treesitter/ftdetect/elixir.vim
059.449  000.008  000.008: sourcing /home/mcr/.config/nvim/plugged/nvim-treesitter/ftdetect/fennel.vim
059.465  000.009  000.009: sourcing /home/mcr/.config/nvim/plugged/nvim-treesitter/ftdetect/fish.vim
059.480  000.007  000.007: sourcing /home/mcr/.config/nvim/plugged/nvim-treesitter/ftdetect/fusion.vim
059.499  000.011  000.011: sourcing /home/mcr/.config/nvim/plugged/nvim-treesitter/ftdetect/gdresource.vim
059.515  000.008  000.008: sourcing /home/mcr/.config/nvim/plugged/nvim-treesitter/ftdetect/gdscript.vim
059.530  000.006  000.006: sourcing /home/mcr/.config/nvim/plugged/nvim-treesitter/ftdetect/glimmer.vim
059.556  000.019  000.019: sourcing /home/mcr/.config/nvim/plugged/nvim-treesitter/ftdetect/glsl.vim
059.573  000.009  000.009: sourcing /home/mcr/.config/nvim/plugged/nvim-treesitter/ftdetect/gomod.vim
059.591  000.011  000.011: sourcing /home/mcr/.config/nvim/plugged/nvim-treesitter/ftdetect/graphql.vim
059.614  000.015  000.015: sourcing /home/mcr/.config/nvim/plugged/nvim-treesitter/ftdetect/hcl.vim
059.628  000.008  000.008: sourcing /home/mcr/.config/nvim/plugged/nvim-treesitter/ftdetect/heex.vim
059.643  000.007  000.007: sourcing /home/mcr/.config/nvim/plugged/nvim-treesitter/ftdetect/hjson.vim
059.670  000.020  000.020: sourcing /home/mcr/.config/nvim/plugged/nvim-treesitter/ftdetect/json5.vim
059.685  000.006  000.006: sourcing /home/mcr/.config/nvim/plugged/nvim-treesitter/ftdetect/julia.vim
059.707  000.011  000.011: sourcing /home/mcr/.config/nvim/plugged/nvim-treesitter/ftdetect/ledger.vim
059.722  000.007  000.007: sourcing /home/mcr/.config/nvim/plugged/nvim-treesitter/ftdetect/nix.vim
059.739  000.009  000.009: sourcing /home/mcr/.config/nvim/plugged/nvim-treesitter/ftdetect/prisma.vim
059.876  000.130  000.130: sourcing /home/mcr/.config/nvim/plugged/nvim-treesitter/ftdetect/pug.vim
059.932  000.020  000.020: sourcing /home/mcr/.config/nvim/plugged/nvim-treesitter/ftdetect/ql.vim
060.020  000.069  000.069: sourcing /home/mcr/.config/nvim/plugged/nvim-treesitter/ftdetect/query.vim
060.108  000.054  000.054: sourcing /home/mcr/.config/nvim/plugged/nvim-treesitter/ftdetect/surface.vim
060.131  000.011  000.011: sourcing /home/mcr/.config/nvim/plugged/nvim-treesitter/ftdetect/teal.vim
060.149  000.007  000.007: sourcing /home/mcr/.config/nvim/plugged/nvim-treesitter/ftdetect/tlaplus.vim
060.166  000.007  000.007: sourcing /home/mcr/.config/nvim/plugged/nvim-treesitter/ftdetect/yang.vim
060.184  000.010  000.010: sourcing /home/mcr/.config/nvim/plugged/nvim-treesitter/ftdetect/zig.vim
063.192  008.299  007.787: sourcing /tmp/.mount_nvimaX6qTb/usr/share/nvim/runtime/filetype.vim
064.354  000.018  000.018: sourcing /tmp/.mount_nvimaX6qTb/usr/share/nvim/runtime/ftplugin.vim
065.494  000.016  000.016: sourcing /tmp/.mount_nvimaX6qTb/usr/share/nvim/runtime/indent.vim
067.531  000.416  000.416: sourcing /tmp/.mount_nvimaX6qTb/usr/share/nvim/runtime/syntax/syncolor.vim
068.448  001.638  001.223: sourcing /tmp/.mount_nvimaX6qTb/usr/share/nvim/runtime/syntax/synload.vim
068.557  002.309  000.671: sourcing /tmp/.mount_nvimaX6qTb/usr/share/nvim/runtime/syntax/syntax.vim
224.886  000.738  000.738: sourcing /tmp/.mount_nvimaX6qTb/usr/share/nvim/runtime/syntax/nosyntax.vim
225.358  000.147  000.147: sourcing /tmp/.mount_nvimaX6qTb/usr/share/nvim/runtime/syntax/syncolor.vim
226.032  000.976  000.829: sourcing /tmp/.mount_nvimaX6qTb/usr/share/nvim/runtime/syntax/synload.vim
228.277  004.383  002.670: sourcing /tmp/.mount_nvimaX6qTb/usr/share/nvim/runtime/syntax/syntax.vim
230.242  000.213  000.213: sourcing /tmp/.mount_nvimaX6qTb/usr/share/nvim/runtime/syntax/syncolor.vim
232.130  000.243  000.243: sourcing /tmp/.mount_nvimaX6qTb/usr/share/nvim/runtime/syntax/syncolor.vim
237.110  008.795  008.338: sourcing /home/mcr/.config/nvim/plugged/gruvbox/colors/gruvbox.vim
238.469  209.184  172.187: sourcing /home/mcr/.config/nvim/init.vim
238.475  001.436: sourcing vimrc file(s)
238.986  000.032  000.032: sourcing /home/mcr/.config/nvim/plugged/nvim-web-devicons/plugin/nvim-web-devicons.vim
239.034  000.013  000.013: sourcing /home/mcr/.config/nvim/plugged/nvim-bqf/plugin/bqf.vim
239.349  000.278  000.278: sourcing /home/mcr/.config/nvim/plugged/vim-multiple-cursors/plugin/multiple_cursors.vim
239.450  000.062  000.062: sourcing /home/mcr/.config/nvim/plugged/vim-pasta/plugin/pasta.vim
239.725  000.240  000.240: sourcing /home/mcr/.config/nvim/plugged/auto-pairs/plugin/auto-pairs.vim
239.953  000.192  000.192: sourcing /home/mcr/.config/nvim/plugged/vim-move/plugin/move.vim
241.236  001.248  001.248: sourcing /home/mcr/.config/nvim/plugged/vim-sneak/plugin/sneak.vim
241.426  000.147  000.147: sourcing /home/mcr/.config/nvim/plugged/tabular/plugin/Tabular.vim
241.772  000.308  000.308: sourcing /home/mcr/.config/nvim/plugged/vim-surround/plugin/surround.vim
242.087  000.265  000.265: sourcing /home/mcr/.config/nvim/plugged/matchit/plugin/matchit.vim
242.161  000.024  000.024: sourcing /home/mcr/.config/nvim/plugged/plenary.nvim/plugin/plenary.vim
242.530  000.334  000.334: sourcing /home/mcr/.config/nvim/plugged/telescope.nvim/plugin/telescope.vim
242.639  000.049  000.049: sourcing /home/mcr/.config/nvim/plugged/vim-visual-star-search/plugin/visual-star-search.vim
244.323  001.646  001.646: sourcing /home/mcr/.config/nvim/plugged/git-blame.nvim/plugin/gitblame.vim
244.488  000.122  000.122: sourcing /home/mcr/.config/nvim/plugged/far.vim/plugin/far.vim
245.390  000.865  000.865: sourcing /home/mcr/.config/nvim/plugged/vim-fugitive/plugin/fugitive.vim
375.072  129.633  129.633: sourcing /home/mcr/.config/nvim/plugged/vim-grepper/plugin/grepper.vim
375.259  000.098  000.098: sourcing /home/mcr/.config/nvim/plugged/nvim-lspconfig/plugin/lspconfig.vim
375.892  000.501  000.501: sourcing /home/mcr/.config/nvim/plugged/vim-vsnip/plugin/vsnip.vim
376.038  000.094  000.094: sourcing /home/mcr/.config/nvim/plugged/trouble.nvim/plugin/trouble.vim
376.581  000.501  000.501: sourcing /home/mcr/.config/nvim/plugged/lspsaga.nvim/plugin/lspsaga.vim
376.933  000.300  000.300: sourcing /home/mcr/.config/nvim/plugged/lsp-colors.nvim/plugin/lsp-colors.vim
377.637  000.653  000.653: sourcing /home/mcr/.config/nvim/plugged/nvim-treesitter/plugin/nvim-treesitter.vim
378.066  000.373  000.373: sourcing /home/mcr/.config/nvim/plugged/nvim-treesitter-angular/plugin/nvim-treesitter-angular.vim
378.189  000.083  000.083: sourcing /home/mcr/.config/nvim/plugged/codi.vim/plugin/codi.vim
379.856  001.629  001.629: sourcing /home/mcr/.config/nvim/plugged/emmet-vim/plugin/emmet.vim
380.034  000.128  000.128: sourcing /home/mcr/.config/nvim/plugged/vim-commentary/plugin/commentary.vim
382.139  000.492  000.492: sourcing /tmp/.mount_nvimaX6qTb/usr/share/nvim/runtime/plugin/gzip.vim
382.264  000.057  000.057: sourcing /tmp/.mount_nvimaX6qTb/usr/share/nvim/runtime/plugin/health.vim
382.486  000.135  000.135: sourcing /tmp/.mount_nvimaX6qTb/usr/share/nvim/runtime/plugin/man.vim
382.607  000.056  000.056: sourcing /tmp/.mount_nvimaX6qTb/usr/share/nvim/runtime/plugin/matchit.vim
382.876  000.183  000.183: sourcing /tmp/.mount_nvimaX6qTb/usr/share/nvim/runtime/plugin/matchparen.vim
383.012  000.070  000.070: sourcing /tmp/.mount_nvimaX6qTb/usr/share/nvim/runtime/plugin/netrwPlugin.vim
383.228  000.154  000.154: sourcing /tmp/.mount_nvimaX6qTb/usr/share/nvim/runtime/plugin/rplugin.vim
383.461  000.171  000.171: sourcing /tmp/.mount_nvimaX6qTb/usr/share/nvim/runtime/plugin/shada.vim
383.598  000.067  000.067: sourcing /tmp/.mount_nvimaX6qTb/usr/share/nvim/runtime/plugin/spellfile.vim
383.824  000.162  000.162: sourcing /tmp/.mount_nvimaX6qTb/usr/share/nvim/runtime/plugin/tarPlugin.vim
384.250  000.251  000.251: sourcing /tmp/.mount_nvimaX6qTb/usr/share/nvim/runtime/plugin/tohtml.vim
384.449  000.086  000.086: sourcing /tmp/.mount_nvimaX6qTb/usr/share/nvim/runtime/plugin/tutor.vim
384.761  000.241  000.241: sourcing /tmp/.mount_nvimaX6qTb/usr/share/nvim/runtime/plugin/zipPlugin.vim
385.187  000.055  000.055: sourcing /home/mcr/.config/nvim/plugged/nvim-tree.lua/plugin/nvim-tree-startup.lua
386.775  001.417  001.417: sourcing /home/mcr/.config/nvim/plugged/nvim-cmp/plugin/cmp.lua
387.439  005.548: loading plugins
387.773  000.335: loading packages
388.088  000.134  000.134: sourcing /home/mcr/.config/nvim/plugged/tabular/autoload/tabular.vim
390.154  002.315  002.181: sourcing /home/mcr/.config/nvim/plugged/tabular/after/plugin/TabularMaps.vim
391.014  000.786  000.786: sourcing /home/mcr/.config/nvim/plugged/cmp-vsnip/after/plugin/cmp_vsnip.vim
392.089  000.956  000.956: sourcing /home/mcr/.config/nvim/plugged/cmp-nvim-lsp/after/plugin/cmp_nvim_lsp.lua
393.181  001.053  001.053: sourcing /home/mcr/.config/nvim/plugged/cmp-buffer/after/plugin/cmp_buffer.lua
393.250  000.366: loading after plugins
393.262  000.012: inits 3
394.233  000.972: reading ShaDa
394.284  000.050: opening buffers
395.223  000.940: BufEnter autocommands
395.226  000.003: editing files in windows
